{"name": "test_VerifyHomePageTitle", "status": "failed", "statusDetails": {"message": "AssertionError: assert False", "trace": "self = <testCase.test_login.Test0001 object at 0x0D525E50>\nsetUp = <selenium.webdriver.chrome.webdriver.WebDriver (session=\"81a9f34d950f8799017f208bba5b8c87\")>\n\n    @allure.description(\"verify home-page title\")\n    @allure.epic(\"verify home-page title in epic\")\n    @allure.severity(allure.severity_level.CRITICAL)\n    @pytest.mark.sanity\n    def test_VerifyHomePageTitle(self, setUp):\n        self.logger.info(\"***************Start TC 002 **************************\")\n        self.logger.info(\"*********** verify Home page title *********** \")\n        self.driver = setUp\n    \n        self.ip = LoginPage(self.driver)\n        self._basePage = BasePage(self.driver)\n        self._homePage = HomePage(self.driver)\n        self._customer = Customer(self.driver)\n    \n        self.logger.info(\"************* Enter the Url for   ************\")\n        self.driver.get(self.baseUrl)\n        self.ip.loginPage(self.username, self.password)\n        self.logger.info(\"entered valid username and password\")\n        time.sleep(4)\n        pageTitle = self._basePage.getTitle()\n        self.logger.info(\"captured page title\")\n        print(pageTitle)\n        time.sleep(4)\n        if pageTitle == \"Dashboard / nopCommerce administration123\":\n            assert True\n            self.logger.info(\"verified Page title is capture correct \")\n            # self._basePage.closeBrowser()\n        else:\n            # time.sleep(4)\n            # self.driver.save_screenshot(\"..\\\\screenShot\\\\\" + \"test_homePageTile001.png\")\n            # self.driver.save_screenshot(\"C://Users//HP//PycharmProjects//pythonFrameWork//screenShot//\" + \"test_homePageTile00123.png\")\n            allure.attach(self.driver.get_screenshot_as_png(), name=\"failed to verify title\",\n                          attachment_type=AttachmentType.PNG)\n            self.logger.info(\"verified Page title is not capture correct \")\n    \n            # time.sleep(4)\n            self.logger.info(\"***************End TC 2 **************************\")\n>           assert False\nE           assert False\n\ntestCase\\test_login.py:95: AssertionError"}, "description": "verify home-page title", "steps": [{"name": "enter userName and password and click on login button", "status": "passed", "parameters": [{"name": "userName", "value": "'admin@yourstore.com'"}, {"name": "password", "value": "'admin'"}], "start": 1653911555530, "stop": 1653911562185}, {"name": "Capture page title", "status": "passed", "start": 1653911566189, "stop": 1653911566194}], "attachments": [{"name": "failed to verify title", "source": "e7565484-f23f-46da-a459-c42fa5c5c200-attachment.png", "type": "image/png"}, {"name": "log", "source": "37e692d6-acc6-44b6-b849-0c6899031bc7-attachment.txt", "type": "text/plain"}], "start": 1653911553362, "stop": 1653911570343, "uuid": "07e5c31a-74a9-4ba3-8f39-1b48b734cfd3", "historyId": "02fa15a6af444e8e97232d16287a61ac", "testCaseId": "4fb242f81bb1d0b199e21529ed9cc688", "fullName": "test_login.Test0001#test_VerifyHomePageTitle", "labels": [{"name": "epic", "value": "verify home-page title in epic"}, {"name": "severity", "value": "critical"}, {"name": "tag", "value": "sanity"}, {"name": "suite", "value": "test_login"}, {"name": "subSuite", "value": "Test0001"}, {"name": "host", "value": "LAPTOP-T5HL6KR5"}, {"name": "thread", "value": "1444-MainThread"}, {"name": "framework", "value": "pytest"}, {"name": "language", "value": "cpython3"}, {"name": "package", "value": "test_login"}]}